C51 COMPILER V9.56.0.0   SHI_REAL                                                          04/02/2022 15:53:00 PAGE 1   


C51 COMPILER V9.56.0.0, COMPILATION OF MODULE SHI_REAL
OBJECT MODULE PLACED IN .\Objects\shi_real.obj
COMPILER INVOKED BY: C:\Keil_v5\C51\BIN\C51.EXE shi_real.c OPTIMIZE(8,SPEED) BROWSE DEBUG OBJECTEXTEND PRINT(.\Listings\
                    -shi_real.lst) TABS(2) OBJECT(.\Objects\shi_real.obj)

line level    source

   1          #include<reg51.h>
   2          #include<intrins.h>
   3          #include<iic.c>
*** WARNING C318 IN LINE 3 OF shi_real.c: can't open file 'iic.c'
   4          
   5          sbit R1=P3^0;
   6          sbit R2=P3^1;
   7          sbit R3=P3^2;
   8          sbit R4=P3^3;
   9          
  10          //////////////////////////// 0    1     2    3    4    5    6   7    8    9    -   全灭   .
  11          unsigned char code shuzi[]={0XC0,0XF9,0XA4,0XB0,0X99,0X92,0X82,0XF8,0X80,0X90,0xbf,0xff,0x7f};
  12          /////////////////////////// A     b   C     d    E    F    H   L     P    U   n
  13          unsigned char code zimu[]={0x88,0x83,0xc6,0xa1,0x86,0x8e,0x89,0xc7,0x8c,0xc1,0xc8};
  14          ////////////////////////////  0     1     2    3    4    5    6    7   
  15          unsigned char code weizhi[]={0x01,0x02,0x04,0x08,0x10,0x20,0x40,0x80,0x00,0x00,0x00,0x00,0x00,0x00};
  16          //////////////////////////   1    2   3    4    5    6    7    8    灭
  17          unsigned char ledweizhi[]={0xfe,0xfd,0xfb,0xf7,0xef,0xdf,0xbf,0x7f,0xff};
  18          
  19          
  20          int addata;
  21          long adc_dat;
  22          unsigned int voltage;
  23          int dat;
  24          int v;
  25          unsigned int count_f = 0;
  26          unsigned char count_t = 0;
  27          unsigned int dat_f = 0;
  28          void display_v();
  29          void display_voltage_led();
  30          void Read_AIN3();
  31          void Scan_S7();
  32          void Scan_S6();
  33          void Scan_S5();
  34          void Scan_S4();
  35          void shumaguan_shuzi(uchar a,uchar b)
*** ERROR C141 IN LINE 35 OF shi_real.c: syntax error near 'a', expected ')'
  36          {
  37   1        delay_ms(1);
  38   1        P2=(P2&0X1f)|0xC0;P0=weizhi[a];
  39   1        P2=(P2&0X1f)|0xE0;P0=shuzi[b];
  40   1        delay_ms(1);
  41   1        //消隐
  42   1        P2 = (P2 & 0x1f) | 0xc0;
  43   1        P0 = 0x00;
  44   1        P2 = P2 & 0x1f;
  45   1      }
  46          //数码管字母显示
  47          void shumaguan_zimu(uchar a,uchar b)
  48          {
  49   1        delay_ms(1);
  50   1        P2=(P2&0X1f)|0xC0;P0=weizhi[a];
  51   1        P2=(P2&0X1f)|0xE0;P0=zimu[b];
  52   1        delay_ms(1);
C51 COMPILER V9.56.0.0   SHI_REAL                                                          04/02/2022 15:53:00 PAGE 2   

  53   1        //消隐
  54   1        P2 = (P2 & 0x1f) | 0xc0;
  55   1        P0 = 0x00;
  56   1        P2 = P2 & 0x1f;
  57   1      }
  58          void Init_Keys()
  59          {
  60   1        R1=R2=R3=R4=1;
  61   1      }
  62          void Init_Timer()
  63          {
  64   1        TH0 = 0xff;        
  65   1        TL0 = 0xff;
  66   1        
  67   1        TH1 = (65536 - 50000) / 256;        
  68   1        TL1 = (65536 - 50000) % 256;
  69   1        TMOD = 0x16;     
  70   1        ET0 = 1;
  71   1        ET1 = 1;
  72   1        EA = 1;
  73   1        TR0 = 1;
  74   1        TR1 = 1;
  75   1      }
  76           
  77          void Service_T0() interrupt 1
  78          {
  79   1        count_f++;
  80   1      }
  81           
  82          void Service_T1() interrupt 3
  83          {
  84   1        TH1 = (65536 - 50000) / 256;        
  85   1        TL1 = (65536 - 50000) % 256;
  86   1        count_t++;
  87   1        if(count_t == 20)
  88   1        {
  89   2          dat_f = count_f;
  90   2          count_f = 0;
  91   2          count_t = 0;
  92   2        }
  93   1      }
  94          
  95          void display_f()
  96          {
  97   1        
  98   1        shumaguan_zimu(0,5);
  99   1        ledlight(1);
 100   1        if(dat_f>9999)
 101   1          shumaguan_shuzi(3,dat_f/1000);
 102   1        if(dat_f>999)
 103   1          shumaguan_shuzi(4,dat_f/1000%10);
 104   1        if(dat_f>99)
 105   1          shumaguan_shuzi(5,dat_f/100%10);
 106   1        if(dat_f>9)
 107   1          shumaguan_shuzi(6,dat_f/10%10);
 108   1          
 109   1          shumaguan_shuzi(7,dat_f%10);
 110   1        
 111   1        if(1000<=dat_f&&dat_f<5000)
 112   1        {
 113   2          ledlight(3);
 114   2        }
C51 COMPILER V9.56.0.0   SHI_REAL                                                          04/02/2022 15:53:00 PAGE 3   

 115   1        else if(dat_f>=10000)
 116   1        {
 117   2          ledlight(3);
 118   2        }
 119   1      }
 120          void display_voltage_led()
 121          {
 122   1        
 123   1        voltage=dat*100/51;
 124   1        
 125   1        P2=0x80;
 126   1        P0=0xee;//L1 and L5
 127   1        shumaguan_shuzi(6,voltage%100/10);
 128   1        shumaguan_shuzi(7,voltage%10);
 129   1        shumaguan_zimu(0,9);
 130   1        P2=(P2&0X1f)|0xC0;P0=weizhi[5];
 131   1        P2=(P2&0X1f)|0xFF;P0=shuzi[voltage/100]+0x80;
 132   1        v=dat*100/51;
 133   1        
 134   1        
 135   1        
 136   1      }
 137          void Read_AIN3()
 138          {
 139   1        
 140   1        IIC_Start();        
 141   1        IIC_SendByte(0x90);   
 142   1        IIC_WaitAck();        
 143   1        IIC_SendByte(0x03);   
 144   1        IIC_WaitAck();                
 145   1        IIC_Stop();               
 146   1        
 147   1        IIC_Start();                    
 148   1        IIC_SendByte(0x91);       
 149   1        IIC_WaitAck();        
 150   1        dat = IIC_RecByte();        
 151   1        IIC_WaitAck();            
 152   1        IIC_Stop();             
 153   1      }
 154          void Scan_S7()
 155          {
 156   1        
 157   1        uchar temp=4;
 158   1        
 159   1        if(R1==0)
 160   1        {
 161   2          delay_ms(50);
 162   2          if(R1==0)
 163   2          {
 164   3            temp++;
 165   3            while(R1==0);
 166   3          }
 167   2        }
 168   1        if(temp%2==0)
 169   1        {
 170   2          
 171   2        }
 172   1        if(temp%2==1)
 173   1        {
 174   2          while(1)
 175   2          {
 176   3            
C51 COMPILER V9.56.0.0   SHI_REAL                                                          04/02/2022 15:53:00 PAGE 4   

 177   3          shumaguan_shuzi(0,11);
 178   3          shumaguan_shuzi(1,11);
 179   3          shumaguan_shuzi(2,11);
 180   3          shumaguan_shuzi(3,11);
 181   3          shumaguan_shuzi(4,11);
 182   3          shumaguan_shuzi(5,11);
 183   3          shumaguan_shuzi(6,11);
 184   3          shumaguan_shuzi(7,11);
 185   3           
 186   3          if(v!=200)
 187   3          {
 188   4            P2=0x80;
 189   4            P0=0xee;//L1 and L5
 190   4          }
 191   3          
 192   3            if(R1==0)
 193   3            {
 194   4              delay_ms(50);
 195   4              if(R1==0)
 196   4              {
 197   5                break;
 198   5                while(R1==0);
 199   5              }
 200   4            }
 201   3          }
 202   2        }
 203   1      }
 204          void Scan_S6()
 205          {
 206   1        
 207   1        uchar temp=4;
 208   1        
 209   1        if(R2==0)
 210   1        {
 211   2          delay_ms(50);
 212   2          if(R2==0)
 213   2          {
 214   3            temp++;
 215   3            while(R2==0);
 216   3          }
 217   2        }
 218   1        if(temp%2==0)
 219   1        {
 220   2          Read_AIN3(); 
 221   2          display_voltage_led();
 222   2        }
 223   1        if(temp%2==1)
 224   1        {
 225   2          
 226   2          while(1)
 227   2          {
 228   3          ledlight(8);
 229   3          Read_AIN3();
 230   3          display_v();
 231   3            if(R2==0)
 232   3            {
 233   4              delay_ms(50);
 234   4              if(R2==0)
 235   4              {
 236   5                break;
 237   5                while(R2==0);
 238   5              }
C51 COMPILER V9.56.0.0   SHI_REAL                                                          04/02/2022 15:53:00 PAGE 5   

 239   4            }
 240   3          }
 241   2            
 242   2            
 243   2          }
 244   1        }
 245          void Scan_S4()
 246          {
 247   1        
 248   1        uchar temp=4;
 249   1        
 250   1        if(R4==0)
 251   1        {
 252   2          delay_ms(50);
 253   2          if(R4==0)
 254   2          {
 255   3            temp++;
 256   3            while(R4==0);
 257   3          }
 258   2        }
 259   1        if(temp%2==0)
 260   1        {
 261   2          Read_AIN3(); 
 262   2          display_voltage_led();
 263   2        }
 264   1        if(temp%2==1)
 265   1        {
 266   2          
 267   2          while(1)
 268   2          {
 269   3            display_f();
 270   3            
 271   3            if(R4==0)
 272   3            {
 273   4              delay_ms(50);
 274   4              if(R4==0)
 275   4              {
 276   5                break;
 277   5                while(R4==0);
 278   5              }
 279   4            }
 280   3          }
 281   2            
 282   2            
 283   2          }
 284   1        }
 285          
 286          void display_v()
 287          {
 288   1        voltage=dat*100/51;
 289   1        shumaguan_shuzi(6,voltage%100/10);
 290   1        shumaguan_shuzi(7,voltage%10);
 291   1        shumaguan_zimu(0,9);
 292   1        P2=(P2&0X1f)|0xC0;P0=weizhi[5];
 293   1        P2=(P2&0X1f)|0xFF;P0=shuzi[voltage/100]+0x80;
 294   1      }
 295          void Scan_S5()
 296          {
 297   1        
 298   1        uchar temp=4;
 299   1        
 300   1        if(R3==0)
C51 COMPILER V9.56.0.0   SHI_REAL                                                          04/02/2022 15:53:00 PAGE 6   

 301   1        {
 302   2          delay_ms(50);
 303   2          if(R3==0)
 304   2          {
 305   3            temp++;
 306   3            while(R3==0);
 307   3          }
 308   2        }
 309   1        if(temp%2==0)
 310   1        {
 311   2          Read_AIN3(); 
 312   2          display_voltage_led();
 313   2          
 314   2        }
 315   1        if(temp%2==1)
 316   1        {
 317   2          
 318   2          while(1)
 319   2          {
 320   3            dat=102;
 321   3            display_v();
 322   3            P2=0x80;
 323   3            P0=0xfa;//L1 and L3
 324   3            
 325   3            if(R3==0)
 326   3            {
 327   4              delay_ms(50);
 328   4              if(R3==0)
 329   4              {
 330   5                break;
 331   5                while(R3==0);
 332   5              }
 333   4            }
 334   3          }
 335   2            
 336   2            
 337   2          }
 338   1        }
 339          void main()
 340          {
 341   1        Init_Keys();
 342   1        Init_Timer();
 343   1        while(1)
 344   1        {
 345   2          Read_AIN3();
 346   2          display_voltage_led();
 347   2          Scan_S7();
 348   2          Scan_S6();
 349   2          Scan_S5();
 350   2          Scan_S4();
 351   2        }
 352   1      }

C51 COMPILATION COMPLETE.  1 WARNING(S),  1 ERROR(S)
